<?xml version="1.0" encoding="UTF-8" ?>
<testsuites disabled="0" errors="0" failures="2" tests="1" time="22.522">
 <testsuite name="Search:" timestamp="2018-09-15T20:00:38" hostname="localhost" time="22.522" errors="0" tests="1" skipped="0" disabled="0" failures="2">
  <testcase classname="Search:" name="Search for Given Text" time="22.517">
   <failure type="exception" message="Failed: chrome not reachable
  (Session info: chrome=68.0.3440.106)
  (Driver info: chromedriver=2.42.591088 (7b2b2dca23cca0862f674758c9a3933e685c27d5),platform=Windows NT 10.0.17134 x86_64)"><![CDATA[WebDriverError: chrome not reachable
  (Session info: chrome=68.0.3440.106)
  (Driver info: chromedriver=2.42.591088 (7b2b2dca23cca0862f674758c9a3933e685c27d5),platform=Windows NT 10.0.17134 x86_64)
    at Object.checkLegacyResponse (C:\Users\Ganesh.Hegde\Desktop\EndToEndTests\EndToEndTests\node_modules\selenium-webdriver\lib\error.js:546:15)
    at parseHttpResponse (C:\Users\Ganesh.Hegde\Desktop\EndToEndTests\EndToEndTests\node_modules\selenium-webdriver\lib\http.js:509:13)
    at doSend.then.response (C:\Users\Ganesh.Hegde\Desktop\EndToEndTests\EndToEndTests\node_modules\selenium-webdriver\lib\http.js:441:30)
    at <anonymous>
    at process._tickCallback (internal/process/next_tick.js:188:7)
From: Task: WebDriver.getCurrentUrl()
    at Driver.schedule (C:\Users\Ganesh.Hegde\Desktop\EndToEndTests\EndToEndTests\node_modules\selenium-webdriver\lib\webdriver.js:807:17)
    at Driver.getCurrentUrl (C:\Users\Ganesh.Hegde\Desktop\EndToEndTests\EndToEndTests\node_modules\selenium-webdriver\lib\webdriver.js:993:17)
    at run (C:\Users\Ganesh.Hegde\Desktop\EndToEndTests\EndToEndTests\node_modules\protractor\built\browser.js:59:33)
    at ManagedPromise.invokeCallback_ (C:\Users\Ganesh.Hegde\Desktop\EndToEndTests\EndToEndTests\node_modules\selenium-webdriver\lib\promise.js:1376:14)
    at TaskQueue.execute_ (C:\Users\Ganesh.Hegde\Desktop\EndToEndTests\EndToEndTests\node_modules\selenium-webdriver\lib\promise.js:3084:14)
    at TaskQueue.executeNext_ (C:\Users\Ganesh.Hegde\Desktop\EndToEndTests\EndToEndTests\node_modules\selenium-webdriver\lib\promise.js:3067:27)
    at asyncRun (C:\Users\Ganesh.Hegde\Desktop\EndToEndTests\EndToEndTests\node_modules\selenium-webdriver\lib\promise.js:2927:27)
    at C:\Users\Ganesh.Hegde\Desktop\EndToEndTests\EndToEndTests\node_modules\selenium-webdriver\lib\promise.js:668:7
    at <anonymous>
    at process._tickCallback (internal/process/next_tick.js:188:7)
From: Task: Run beforeEach in control flow
    at UserContext.<anonymous> (C:\Users\Ganesh.Hegde\Desktop\EndToEndTests\EndToEndTests\node_modules\jasminewd2\index.js:94:19)
    at attempt (C:\Users\Ganesh.Hegde\Desktop\EndToEndTests\EndToEndTests\node_modules\protractor\node_modules\jasmine-core\lib\jasmine-core\jasmine.js:4297:26)
    at QueueRunner.run (C:\Users\Ganesh.Hegde\Desktop\EndToEndTests\EndToEndTests\node_modules\protractor\node_modules\jasmine-core\lib\jasmine-core\jasmine.js:4217:20)
    at QueueRunner.execute (C:\Users\Ganesh.Hegde\Desktop\EndToEndTests\EndToEndTests\node_modules\protractor\node_modules\jasmine-core\lib\jasmine-core\jasmine.js:4199:10)
    at Spec.queueRunnerFactory (C:\Users\Ganesh.Hegde\Desktop\EndToEndTests\EndToEndTests\node_modules\protractor\node_modules\jasmine-core\lib\jasmine-core\jasmine.js:909:35)
    at Spec.execute (C:\Users\Ganesh.Hegde\Desktop\EndToEndTests\EndToEndTests\node_modules\protractor\node_modules\jasmine-core\lib\jasmine-core\jasmine.js:526:10)
    at UserContext.fn (C:\Users\Ganesh.Hegde\Desktop\EndToEndTests\EndToEndTests\node_modules\protractor\node_modules\jasmine-core\lib\jasmine-core\jasmine.js:5340:37)
    at attempt (C:\Users\Ganesh.Hegde\Desktop\EndToEndTests\EndToEndTests\node_modules\protractor\node_modules\jasmine-core\lib\jasmine-core\jasmine.js:4297:26)
    at QueueRunner.run (C:\Users\Ganesh.Hegde\Desktop\EndToEndTests\EndToEndTests\node_modules\protractor\node_modules\jasmine-core\lib\jasmine-core\jasmine.js:4217:20)
    at QueueRunner.execute (C:\Users\Ganesh.Hegde\Desktop\EndToEndTests\EndToEndTests\node_modules\protractor\node_modules\jasmine-core\lib\jasmine-core\jasmine.js:4199:10)
From asynchronous test: 
Error
    at Suite.<anonymous> (C:\Users\Ganesh.Hegde\Desktop\EndToEndTests\EndToEndTests\e2e\src\module2\google.e2e-spec.ts:11:6)
    at addSpecsToSuite (C:\Users\Ganesh.Hegde\Desktop\EndToEndTests\EndToEndTests\node_modules\protractor\node_modules\jasmine-core\lib\jasmine-core\jasmine.js:1107:25)
    at Env.describe (C:\Users\Ganesh.Hegde\Desktop\EndToEndTests\EndToEndTests\node_modules\protractor\node_modules\jasmine-core\lib\jasmine-core\jasmine.js:1074:7)
    at describe (C:\Users\Ganesh.Hegde\Desktop\EndToEndTests\EndToEndTests\node_modules\protractor\node_modules\jasmine-core\lib\jasmine-core\jasmine.js:4399:18)
    at Object.<anonymous> (C:\Users\Ganesh.Hegde\Desktop\EndToEndTests\EndToEndTests\e2e\src\module2\google.e2e-spec.ts:6:1)
    at Module._compile (module.js:652:30)
    at Module.m._compile (C:\Users\Ganesh.Hegde\Desktop\EndToEndTests\EndToEndTests\node_modules\ts-node\src\index.ts:439:23)
    at Module._extensions..js (module.js:663:10)
    at Object.require.extensions.(anonymous function) [as .ts] (C:\Users\Ganesh.Hegde\Desktop\EndToEndTests\EndToEndTests\node_modules\ts-node\src\index.ts:442:12)]]>
   </failure>
   <failure type="exception" message="Failed: chrome not reachable
  (Session info: chrome=68.0.3440.106)
  (Driver info: chromedriver=2.42.591088 (7b2b2dca23cca0862f674758c9a3933e685c27d5),platform=Windows NT 10.0.17134 x86_64)"><![CDATA[WebDriverError: chrome not reachable
  (Session info: chrome=68.0.3440.106)
  (Driver info: chromedriver=2.42.591088 (7b2b2dca23cca0862f674758c9a3933e685c27d5),platform=Windows NT 10.0.17134 x86_64)
    at Object.checkLegacyResponse (C:\Users\Ganesh.Hegde\Desktop\EndToEndTests\EndToEndTests\node_modules\selenium-webdriver\lib\error.js:546:15)
    at parseHttpResponse (C:\Users\Ganesh.Hegde\Desktop\EndToEndTests\EndToEndTests\node_modules\selenium-webdriver\lib\http.js:509:13)
    at doSend.then.response (C:\Users\Ganesh.Hegde\Desktop\EndToEndTests\EndToEndTests\node_modules\selenium-webdriver\lib\http.js:441:30)
    at <anonymous>
    at process._tickCallback (internal/process/next_tick.js:188:7)
From: Task: WebDriver.findElements(By(css selector, waitTagLoader))
    at Driver.schedule (C:\Users\Ganesh.Hegde\Desktop\EndToEndTests\EndToEndTests\node_modules\selenium-webdriver\lib\webdriver.js:807:17)
    at Driver.findElements (C:\Users\Ganesh.Hegde\Desktop\EndToEndTests\EndToEndTests\node_modules\selenium-webdriver\lib\webdriver.js:1048:19)
    at ptor.waitForAngular.then (C:\Users\Ganesh.Hegde\Desktop\EndToEndTests\EndToEndTests\node_modules\protractor\built\element.js:159:44)
    at ManagedPromise.invokeCallback_ (C:\Users\Ganesh.Hegde\Desktop\EndToEndTests\EndToEndTests\node_modules\selenium-webdriver\lib\promise.js:1376:14)
    at TaskQueue.execute_ (C:\Users\Ganesh.Hegde\Desktop\EndToEndTests\EndToEndTests\node_modules\selenium-webdriver\lib\promise.js:3084:14)
    at TaskQueue.executeNext_ (C:\Users\Ganesh.Hegde\Desktop\EndToEndTests\EndToEndTests\node_modules\selenium-webdriver\lib\promise.js:3067:27)
    at asyncRun (C:\Users\Ganesh.Hegde\Desktop\EndToEndTests\EndToEndTests\node_modules\selenium-webdriver\lib\promise.js:2927:27)
    at C:\Users\Ganesh.Hegde\Desktop\EndToEndTests\EndToEndTests\node_modules\selenium-webdriver\lib\promise.js:668:7
    at <anonymous>
    at process._tickCallback (internal/process/next_tick.js:188:7)
From: Task: <anonymous>
    at pollCondition (C:\Users\Ganesh.Hegde\Desktop\EndToEndTests\EndToEndTests\node_modules\selenium-webdriver\lib\promise.js:2195:19)
    at C:\Users\Ganesh.Hegde\Desktop\EndToEndTests\EndToEndTests\node_modules\selenium-webdriver\lib\promise.js:2191:7
    at new ManagedPromise (C:\Users\Ganesh.Hegde\Desktop\EndToEndTests\EndToEndTests\node_modules\selenium-webdriver\lib\promise.js:1077:7)
    at ControlFlow.promise (C:\Users\Ganesh.Hegde\Desktop\EndToEndTests\EndToEndTests\node_modules\selenium-webdriver\lib\promise.js:2505:12)
    at C:\Users\Ganesh.Hegde\Desktop\EndToEndTests\EndToEndTests\node_modules\selenium-webdriver\lib\promise.js:2190:22
    at TaskQueue.execute_ (C:\Users\Ganesh.Hegde\Desktop\EndToEndTests\EndToEndTests\node_modules\selenium-webdriver\lib\promise.js:3084:14)
    at TaskQueue.executeNext_ (C:\Users\Ganesh.Hegde\Desktop\EndToEndTests\EndToEndTests\node_modules\selenium-webdriver\lib\promise.js:3067:27)
    at asyncRun (C:\Users\Ganesh.Hegde\Desktop\EndToEndTests\EndToEndTests\node_modules\selenium-webdriver\lib\promise.js:2974:25)
    at C:\Users\Ganesh.Hegde\Desktop\EndToEndTests\EndToEndTests\node_modules\selenium-webdriver\lib\promise.js:668:7
    at <anonymous>
From: Task: <anonymous wait>
    at scheduleWait (C:\Users\Ganesh.Hegde\Desktop\EndToEndTests\EndToEndTests\node_modules\selenium-webdriver\lib\promise.js:2188:20)
    at ControlFlow.wait (C:\Users\Ganesh.Hegde\Desktop\EndToEndTests\EndToEndTests\node_modules\selenium-webdriver\lib\promise.js:2517:12)
    at Driver.wait (C:\Users\Ganesh.Hegde\Desktop\EndToEndTests\EndToEndTests\node_modules\selenium-webdriver\lib\webdriver.js:934:29)
    at run (C:\Users\Ganesh.Hegde\Desktop\EndToEndTests\EndToEndTests\node_modules\protractor\built\browser.js:59:33)
    at ProtractorBrowser.to.(anonymous function) [as wait] (C:\Users\Ganesh.Hegde\Desktop\EndToEndTests\EndToEndTests\node_modules\protractor\built\browser.js:67:16)
    at CommonComponent.waitForSpinnerDisappear (C:\Users\Ganesh.Hegde\Desktop\EndToEndTests\EndToEndTests\e2e\src\common\common.component.ts:31:13)
    at UserContext.<anonymous> (C:\Users\Ganesh.Hegde\Desktop\EndToEndTests\EndToEndTests\e2e\src\module2\google.e2e-spec.ts:16:15)
    at C:\Users\Ganesh.Hegde\Desktop\EndToEndTests\EndToEndTests\node_modules\jasminewd2\index.js:112:25
    at new ManagedPromise (C:\Users\Ganesh.Hegde\Desktop\EndToEndTests\EndToEndTests\node_modules\selenium-webdriver\lib\promise.js:1077:7)
    at ControlFlow.promise (C:\Users\Ganesh.Hegde\Desktop\EndToEndTests\EndToEndTests\node_modules\selenium-webdriver\lib\promise.js:2505:12)
From: Task: Run it("Search for Given Text") in control flow
    at UserContext.<anonymous> (C:\Users\Ganesh.Hegde\Desktop\EndToEndTests\EndToEndTests\node_modules\jasminewd2\index.js:94:19)
    at attempt (C:\Users\Ganesh.Hegde\Desktop\EndToEndTests\EndToEndTests\node_modules\protractor\node_modules\jasmine-core\lib\jasmine-core\jasmine.js:4297:26)
    at QueueRunner.run (C:\Users\Ganesh.Hegde\Desktop\EndToEndTests\EndToEndTests\node_modules\protractor\node_modules\jasmine-core\lib\jasmine-core\jasmine.js:4217:20)
    at runNext (C:\Users\Ganesh.Hegde\Desktop\EndToEndTests\EndToEndTests\node_modules\protractor\node_modules\jasmine-core\lib\jasmine-core\jasmine.js:4257:20)
    at C:\Users\Ganesh.Hegde\Desktop\EndToEndTests\EndToEndTests\node_modules\protractor\node_modules\jasmine-core\lib\jasmine-core\jasmine.js:4264:13
    at C:\Users\Ganesh.Hegde\Desktop\EndToEndTests\EndToEndTests\node_modules\protractor\node_modules\jasmine-core\lib\jasmine-core\jasmine.js:4172:9
    at Function.next.fail (C:\Users\Ganesh.Hegde\Desktop\EndToEndTests\EndToEndTests\node_modules\protractor\node_modules\jasmine-core\lib\jasmine-core\jasmine.js:4274:9)
    at C:\Users\Ganesh.Hegde\Desktop\EndToEndTests\EndToEndTests\node_modules\jasminewd2\index.js:64:48
    at ControlFlow.emit (C:\Users\Ganesh.Hegde\Desktop\EndToEndTests\EndToEndTests\node_modules\selenium-webdriver\lib\events.js:62:21)
    at ControlFlow.shutdown_ (C:\Users\Ganesh.Hegde\Desktop\EndToEndTests\EndToEndTests\node_modules\selenium-webdriver\lib\promise.js:2674:10)
From asynchronous test: 
Error
    at Suite.<anonymous> (C:\Users\Ganesh.Hegde\Desktop\EndToEndTests\EndToEndTests\e2e\src\module2\google.e2e-spec.ts:15:5)
    at addSpecsToSuite (C:\Users\Ganesh.Hegde\Desktop\EndToEndTests\EndToEndTests\node_modules\protractor\node_modules\jasmine-core\lib\jasmine-core\jasmine.js:1107:25)
    at Env.describe (C:\Users\Ganesh.Hegde\Desktop\EndToEndTests\EndToEndTests\node_modules\protractor\node_modules\jasmine-core\lib\jasmine-core\jasmine.js:1074:7)
    at describe (C:\Users\Ganesh.Hegde\Desktop\EndToEndTests\EndToEndTests\node_modules\protractor\node_modules\jasmine-core\lib\jasmine-core\jasmine.js:4399:18)
    at Object.<anonymous> (C:\Users\Ganesh.Hegde\Desktop\EndToEndTests\EndToEndTests\e2e\src\module2\google.e2e-spec.ts:6:1)
    at Module._compile (module.js:652:30)
    at Module.m._compile (C:\Users\Ganesh.Hegde\Desktop\EndToEndTests\EndToEndTests\node_modules\ts-node\src\index.ts:439:23)
    at Module._extensions..js (module.js:663:10)
    at Object.require.extensions.(anonymous function) [as .ts] (C:\Users\Ganesh.Hegde\Desktop\EndToEndTests\EndToEndTests\node_modules\ts-node\src\index.ts:442:12)]]>
   </failure>
  </testcase>
 </testsuite>
</testsuites>